# JRE version: Java(TM) SE Runtime Environment (17.0.8+9) (build 17.0.8+9-LTS-211)
# Java VM: Java HotSpot(TM) 64-Bit Server VM (17.0.8+9-LTS-211, mixed mode, sharing, tiered, compressed oops, compressed class ptrs, g1 gc, bsd-aarch64)
Heap:
 garbage-first heap   total 266240K, used 106641K [0x0000000700000000, 0x0000000800000000)
  region size 2048K, 35 young (71680K), 5 survivors (10240K)
 Metaspace       used 17546K, committed 17792K, reserved 1114112K
  class space    used 2446K, committed 2560K, reserved 1048576K
GC Heap History (6 events):
Event: 0.367 GC heap before
{Heap before GC invocations=0 (full 0):
 garbage-first heap   total 266240K, used 24544K [0x0000000700000000, 0x0000000800000000)
  region size 2048K, 11 young (22528K), 0 survivors (0K)
 Metaspace       used 6770K, committed 6976K, reserved 1114112K
  class space    used 827K, committed 960K, reserved 1048576K
}
Event: 0.369 GC heap after
{Heap after GC invocations=1 (full 0):
 garbage-first heap   total 266240K, used 4975K [0x0000000700000000, 0x0000000800000000)
  region size 2048K, 2 young (4096K), 2 survivors (4096K)
 Metaspace       used 6770K, committed 6976K, reserved 1114112K
  class space    used 827K, committed 960K, reserved 1048576K
}
Event: 6.401 GC heap before
{Heap before GC invocations=1 (full 0):
 garbage-first heap   total 266240K, used 95087K [0x0000000700000000, 0x0000000800000000)
  region size 2048K, 29 young (59392K), 2 survivors (4096K)
 Metaspace       used 16884K, committed 17152K, reserved 1114112K
  class space    used 2435K, committed 2560K, reserved 1048576K
}
Event: 6.405 GC heap after
{Heap after GC invocations=2 (full 0):
 garbage-first heap   total 266240K, used 42684K [0x0000000700000000, 0x0000000800000000)
  region size 2048K, 4 young (8192K), 4 survivors (8192K)
 Metaspace       used 16884K, committed 17152K, reserved 1114112K
  class space    used 2435K, committed 2560K, reserved 1048576K
}
Event: 35.681 GC heap before
{Heap before GC invocations=2 (full 0):
 garbage-first heap   total 266240K, used 128700K [0x0000000700000000, 0x0000000800000000)
  region size 2048K, 47 young (96256K), 4 survivors (8192K)
 Metaspace       used 17322K, committed 17600K, reserved 1114112K
  class space    used 2436K, committed 2560K, reserved 1048576K
}
Event: 35.689 GC heap after
{Heap after GC invocations=3 (full 0):
 garbage-first heap   total 266240K, used 45201K [0x0000000700000000, 0x0000000800000000)
  region size 2048K, 5 young (10240K), 5 survivors (10240K)
 Metaspace       used 17322K, committed 17600K, reserved 1114112K
  class space    used 2436K, committed 2560K, reserved 1048576K
}

